2020-03-28 10:03:15.117  INFO 25630 --- [main] com.iit.aiposizi.lab2.Lab2Application    : Starting Lab2Application on galayy-Lenovo-ideapad-330S-14IKB with PID 25630 (/home/galayy/IdeaProjects/aiposizi/lab2/build/classes/java/main started by galayy in /home/galayy/IdeaProjects/aiposizi/lab2)
2020-03-28 10:03:15.128  INFO 25630 --- [main] com.iit.aiposizi.lab2.Lab2Application    : The following profiles are active: local
2020-03-28 10:03:16.393  INFO 25630 --- [main] .s.d.r.c.RepositoryConfigurationDelegate : Bootstrapping Spring Data JPA repositories in DEFAULT mode.
2020-03-28 10:03:16.590  INFO 25630 --- [main] .s.d.r.c.RepositoryConfigurationDelegate : Finished Spring Data repository scanning in 173ms. Found 5 JPA repository interfaces.
2020-03-28 10:03:17.337  INFO 25630 --- [main] trationDelegate$BeanPostProcessorChecker : Bean 'org.springframework.transaction.annotation.ProxyTransactionManagementConfiguration' of type [org.springframework.transaction.annotation.ProxyTransactionManagementConfiguration] is not eligible for getting processed by all BeanPostProcessors (for example: not eligible for auto-proxying)
2020-03-28 10:03:18.028  INFO 25630 --- [main] o.s.b.w.embedded.tomcat.TomcatWebServer  : Tomcat initialized with port(s): 8080 (http)
2020-03-28 10:03:18.078  INFO 25630 --- [main] o.apache.catalina.core.StandardService   : Starting service [Tomcat]
2020-03-28 10:03:18.081  INFO 25630 --- [main] org.apache.catalina.core.StandardEngine  : Starting Servlet engine: [Apache Tomcat/9.0.30]
2020-03-28 10:03:18.258  INFO 25630 --- [main] o.a.c.c.C.[Tomcat].[localhost].[/]       : Initializing Spring embedded WebApplicationContext
2020-03-28 10:03:18.259  INFO 25630 --- [main] o.s.web.context.ContextLoader            : Root WebApplicationContext: initialization completed in 3063 ms
2020-03-28 10:03:18.385  INFO 25630 --- [main] o.f.c.internal.license.VersionPrinter    : Flyway Community Edition 6.0.8 by Redgate
2020-03-28 10:03:18.391  INFO 25630 --- [main] com.zaxxer.hikari.HikariDataSource       : HikariPool-1 - Starting...
2020-03-28 10:03:18.728  INFO 25630 --- [main] com.zaxxer.hikari.HikariDataSource       : HikariPool-1 - Start completed.
2020-03-28 10:03:18.749  INFO 25630 --- [main] o.f.c.internal.database.DatabaseFactory  : Database: jdbc:postgresql://localhost:5432/aiposizi_2 (PostgreSQL 10.12)
2020-03-28 10:03:18.775  INFO 25630 --- [main] o.f.core.internal.command.DbValidate     : Successfully validated 1 migration (execution time 00:00.012s)
2020-03-28 10:03:18.792  INFO 25630 --- [main] o.f.c.i.s.JdbcTableSchemaHistory         : Creating Schema History table "public"."flyway_schema_history" ...
2020-03-28 10:03:18.843  INFO 25630 --- [main] o.f.core.internal.command.DbMigrate      : Current version of schema "public": << Empty Schema >>
2020-03-28 10:03:18.855  INFO 25630 --- [main] o.f.core.internal.command.DbMigrate      : Migrating schema "public" to version 0 - Init tables
2020-03-28 10:03:18.967  INFO 25630 --- [main] o.f.core.internal.command.DbMigrate      : Successfully applied 1 migration to schema "public" (execution time 00:00.130s)
2020-03-28 10:03:19.060  INFO 25630 --- [main] o.hibernate.jpa.internal.util.LogHelper  : HHH000204: Processing PersistenceUnitInfo [name: default]
2020-03-28 10:03:19.127  INFO 25630 --- [main] org.hibernate.Version                    : HHH000412: Hibernate Core {5.4.10.Final}
2020-03-28 10:03:19.260  INFO 25630 --- [main] o.hibernate.annotations.common.Version   : HCANN000001: Hibernate Commons Annotations {5.1.0.Final}
2020-03-28 10:03:19.344  INFO 25630 --- [main] org.hibernate.dialect.Dialect            : HHH000400: Using dialect: org.hibernate.dialect.PostgreSQL10Dialect
2020-03-28 10:03:20.108  INFO 25630 --- [main] o.h.e.t.j.p.i.JtaPlatformInitiator       : HHH000490: Using JtaPlatform implementation: [org.hibernate.engine.transaction.jta.platform.internal.NoJtaPlatform]
2020-03-28 10:03:20.115  INFO 25630 --- [main] j.LocalContainerEntityManagerFactoryBean : Initialized JPA EntityManagerFactory for persistence unit 'default'
2020-03-28 10:03:20.744  WARN 25630 --- [main] JpaBaseConfiguration$JpaWebConfiguration : spring.jpa.open-in-view is enabled by default. Therefore, database queries may be performed during view rendering. Explicitly configure spring.jpa.open-in-view to disable this warning
2020-03-28 10:03:20.885  INFO 25630 --- [main] o.s.s.concurrent.ThreadPoolTaskExecutor  : Initializing ExecutorService 'applicationTaskExecutor'
2020-03-28 10:03:21.124  INFO 25630 --- [main] o.s.b.w.embedded.tomcat.TomcatWebServer  : Tomcat started on port(s): 8080 (http) with context path ''
2020-03-28 10:03:21.128  INFO 25630 --- [main] com.iit.aiposizi.lab2.Lab2Application    : Started Lab2Application in 6.635 seconds (JVM running for 7.576)
2020-03-28 10:03:50.364  INFO 25630 --- [http-nio-8080-exec-1] o.a.c.c.C.[Tomcat].[localhost].[/]       : Initializing Spring DispatcherServlet 'dispatcherServlet'
2020-03-28 10:03:50.365  INFO 25630 --- [http-nio-8080-exec-1] o.s.web.servlet.DispatcherServlet        : Initializing Servlet 'dispatcherServlet'
2020-03-28 10:03:50.372  INFO 25630 --- [http-nio-8080-exec-1] o.s.web.servlet.DispatcherServlet        : Completed initialization in 6 ms
2020-03-28 10:03:53.046  INFO 25630 --- [http-nio-8080-exec-7] c.i.a.l.service.impl.AddressServiceImpl  : 0 addresses was found
2020-03-28 10:04:11.805  INFO 25630 --- [http-nio-8080-exec-9] c.i.a.l.service.impl.AddressServiceImpl  : New address successfully saved
2020-03-28 10:04:11.839  INFO 25630 --- [http-nio-8080-exec-10] c.i.a.l.service.impl.AddressServiceImpl  : 1 addresses was found
2020-03-28 10:04:15.229  INFO 25630 --- [http-nio-8080-exec-4] c.i.a.l.service.impl.AddressServiceImpl  : Address with id 142617ec-0fee-409c-ade1-aa2cc4d66b27 successfully found
2020-03-28 10:04:23.263  INFO 25630 --- [http-nio-8080-exec-6] c.i.a.l.service.impl.AddressServiceImpl  : Address with id 142617ec-0fee-409c-ade1-aa2cc4d66b27 successfully found
2020-03-28 10:04:23.278  INFO 25630 --- [http-nio-8080-exec-6] c.i.a.l.service.impl.OfficeServiceImpl   : New office successfully saved
2020-03-28 10:04:23.327  INFO 25630 --- [http-nio-8080-exec-7] c.i.a.l.service.impl.OfficeServiceImpl   : 1 offices was found
2020-03-28 10:04:31.399  INFO 25630 --- [http-nio-8080-exec-8] c.i.a.l.service.impl.OfficeServiceImpl   : Office with id 3aa6caa8-7743-40fa-b12c-721c625c0844 successfully found
2020-03-28 10:04:36.450  INFO 25630 --- [http-nio-8080-exec-2] c.i.a.l.service.impl.OfficeServiceImpl   : Office with id 3aa6caa8-7743-40fa-b12c-721c625c0844 successfully found
2020-03-28 10:04:36.483  INFO 25630 --- [http-nio-8080-exec-2] c.i.a.lab2.service.impl.RoomServiceImpl  : New room successfully saved
2020-03-28 10:04:36.527  INFO 25630 --- [http-nio-8080-exec-5] c.i.a.lab2.service.impl.RoomServiceImpl  : 1 rooms was found
2020-03-28 10:04:39.474  INFO 25630 --- [http-nio-8080-exec-4] c.i.a.lab2.service.impl.RoomServiceImpl  : Room with id 643bd20b-86ec-49e2-8a30-a01bd9887f63 successfully found
2020-03-28 10:04:39.488  INFO 25630 --- [http-nio-8080-exec-4] c.i.a.l.s.impl.EmployeeServiceImpl       : 0 employees was found
2020-03-28 10:04:43.083  INFO 25630 --- [http-nio-8080-exec-6] c.i.a.lab2.service.impl.RoomServiceImpl  : Room with id 643bd20b-86ec-49e2-8a30-a01bd9887f63 successfully found
2020-03-28 10:04:43.099  INFO 25630 --- [http-nio-8080-exec-6] c.i.a.lab2.service.impl.RoomServiceImpl  : Room with id 643bd20b-86ec-49e2-8a30-a01bd9887f63 successfully found
2020-03-28 10:04:43.102  INFO 25630 --- [http-nio-8080-exec-6] c.i.a.l.service.impl.PlaceServiceImpl    : New place successfully saved
2020-03-28 10:04:43.116  INFO 25630 --- [http-nio-8080-exec-7] c.i.a.l.service.impl.PlaceServiceImpl    : 1 places was found
2020-03-28 10:04:55.717  INFO 25630 --- [http-nio-8080-exec-2] c.i.a.l.service.impl.PlaceServiceImpl    : 1 places was found
2020-03-28 10:04:55.723  INFO 25630 --- [http-nio-8080-exec-2] c.i.a.l.s.impl.EmployeeServiceImpl       : 0 employees was found
2020-03-28 10:05:02.959  INFO 25630 --- [http-nio-8080-exec-4] c.i.a.l.s.impl.EmployeeServiceImpl       : New employee successfully saved
2020-03-28 10:05:02.980  INFO 25630 --- [http-nio-8080-exec-6] c.i.a.l.service.impl.PlaceServiceImpl    : 1 places was found
2020-03-28 10:05:02.990  INFO 25630 --- [http-nio-8080-exec-6] c.i.a.l.s.impl.EmployeeServiceImpl       : 1 employees was found
2020-03-28 10:05:05.575  INFO 25630 --- [http-nio-8080-exec-7] c.i.a.l.s.impl.EmployeeServiceImpl       : Employee with id dfe20cb2-e0bf-4c4f-9b8f-c5c93d9e2575 successfully found
2020-03-28 10:05:05.579  INFO 25630 --- [http-nio-8080-exec-7] c.i.a.l.service.impl.OfficeServiceImpl   : 1 offices was found
2020-03-28 10:05:05.583  INFO 25630 --- [http-nio-8080-exec-7] c.i.a.l.service.impl.PlaceServiceImpl    : 1 places was found
2020-03-28 10:05:05.588  INFO 25630 --- [http-nio-8080-exec-7] c.i.a.lab2.service.impl.RoomServiceImpl  : 1 rooms was found
2020-03-28 10:05:11.454  INFO 25630 --- [http-nio-8080-exec-8] c.i.a.l.s.impl.EmployeeServiceImpl       : Employee with id dfe20cb2-e0bf-4c4f-9b8f-c5c93d9e2575 successfully found
2020-03-28 10:05:11.482  INFO 25630 --- [http-nio-8080-exec-8] c.i.a.l.service.impl.PlaceServiceImpl    : Place with employee dfe20cb2-e0bf-4c4f-9b8f-c5c93d9e2575 was found
2020-03-28 10:05:11.498  INFO 25630 --- [http-nio-8080-exec-9] c.i.a.l.service.impl.PlaceServiceImpl    : 1 places was found
2020-03-28 10:05:15.451  INFO 25630 --- [http-nio-8080-exec-1] c.i.a.l.service.impl.PlaceServiceImpl    : Place with id 7115dac2-6a42-4a23-b652-e85dcc27afb1 successfully found
2020-03-28 10:05:17.494  INFO 25630 --- [http-nio-8080-exec-4] c.i.a.l.service.impl.PlaceServiceImpl    : Employee from place with id 7115dac2-6a42-4a23-b652-e85dcc27afb1 successfully deleted
2020-03-28 10:05:19.954  INFO 25630 --- [http-nio-8080-exec-7] c.i.a.l.service.impl.OfficeServiceImpl   : 1 offices was found
2020-03-28 10:05:23.063  INFO 25630 --- [http-nio-8080-exec-9] c.i.a.l.service.impl.PlaceServiceImpl    : 1 places was found
2020-03-28 10:05:23.081  INFO 25630 --- [http-nio-8080-exec-9] c.i.a.l.s.impl.EmployeeServiceImpl       : 1 employees was found
2020-03-28 10:05:33.722  INFO 25630 --- [SpringContextShutdownHook] o.s.s.concurrent.ThreadPoolTaskExecutor  : Shutting down ExecutorService 'applicationTaskExecutor'
2020-03-28 10:05:33.724  INFO 25630 --- [SpringContextShutdownHook] j.LocalContainerEntityManagerFactoryBean : Closing JPA EntityManagerFactory for persistence unit 'default'
2020-03-28 10:05:33.728  INFO 25630 --- [SpringContextShutdownHook] com.zaxxer.hikari.HikariDataSource       : HikariPool-1 - Shutdown initiated...
2020-03-28 10:05:33.748  INFO 25630 --- [SpringContextShutdownHook] com.zaxxer.hikari.HikariDataSource       : HikariPool-1 - Shutdown completed.
2020-03-28 12:08:20.917  INFO 29105 --- [main] com.iit.aiposizi.lab2.Lab2Application    : Starting Lab2Application on galayy-Lenovo-ideapad-330S-14IKB with PID 29105 (/home/galayy/IdeaProjects/aiposizi/lab2/build/classes/java/main started by galayy in /home/galayy/IdeaProjects/aiposizi/lab2)
2020-03-28 12:08:20.919  INFO 29105 --- [main] com.iit.aiposizi.lab2.Lab2Application    : The following profiles are active: local
2020-03-28 12:08:21.625  INFO 29105 --- [main] .s.d.r.c.RepositoryConfigurationDelegate : Bootstrapping Spring Data JPA repositories in DEFAULT mode.
2020-03-28 12:08:21.691  INFO 29105 --- [main] .s.d.r.c.RepositoryConfigurationDelegate : Finished Spring Data repository scanning in 58ms. Found 5 JPA repository interfaces.
2020-03-28 12:08:21.974  INFO 29105 --- [main] trationDelegate$BeanPostProcessorChecker : Bean 'org.springframework.transaction.annotation.ProxyTransactionManagementConfiguration' of type [org.springframework.transaction.annotation.ProxyTransactionManagementConfiguration] is not eligible for getting processed by all BeanPostProcessors (for example: not eligible for auto-proxying)
2020-03-28 12:08:22.228  INFO 29105 --- [main] o.s.b.w.embedded.tomcat.TomcatWebServer  : Tomcat initialized with port(s): 8080 (http)
2020-03-28 12:08:22.238  INFO 29105 --- [main] o.apache.catalina.core.StandardService   : Starting service [Tomcat]
2020-03-28 12:08:22.238  INFO 29105 --- [main] org.apache.catalina.core.StandardEngine  : Starting Servlet engine: [Apache Tomcat/9.0.30]
2020-03-28 12:08:22.328  INFO 29105 --- [main] o.a.c.c.C.[Tomcat].[localhost].[/]       : Initializing Spring embedded WebApplicationContext
2020-03-28 12:08:22.329  INFO 29105 --- [main] o.s.web.context.ContextLoader            : Root WebApplicationContext: initialization completed in 1377 ms
2020-03-28 12:08:22.424  INFO 29105 --- [main] o.f.c.internal.license.VersionPrinter    : Flyway Community Edition 6.0.8 by Redgate
2020-03-28 12:08:22.429  INFO 29105 --- [main] com.zaxxer.hikari.HikariDataSource       : HikariPool-1 - Starting...
2020-03-28 12:08:22.697  INFO 29105 --- [main] com.zaxxer.hikari.HikariDataSource       : HikariPool-1 - Start completed.
2020-03-28 12:08:22.710  INFO 29105 --- [main] o.f.c.internal.database.DatabaseFactory  : Database: jdbc:postgresql://localhost:5432/aiposizi_2 (PostgreSQL 10.12)
2020-03-28 12:08:22.751  INFO 29105 --- [main] o.f.core.internal.command.DbValidate     : Successfully validated 1 migration (execution time 00:00.029s)
2020-03-28 12:08:22.767  INFO 29105 --- [main] o.f.core.internal.command.DbMigrate      : Current version of schema "public": 0
2020-03-28 12:08:22.768  INFO 29105 --- [main] o.f.core.internal.command.DbMigrate      : Schema "public" is up to date. No migration necessary.
2020-03-28 12:08:22.873  INFO 29105 --- [main] o.hibernate.jpa.internal.util.LogHelper  : HHH000204: Processing PersistenceUnitInfo [name: default]
2020-03-28 12:08:22.944  INFO 29105 --- [main] org.hibernate.Version                    : HHH000412: Hibernate Core {5.4.10.Final}
2020-03-28 12:08:23.067  INFO 29105 --- [main] o.hibernate.annotations.common.Version   : HCANN000001: Hibernate Commons Annotations {5.1.0.Final}
2020-03-28 12:08:23.158  INFO 29105 --- [main] org.hibernate.dialect.Dialect            : HHH000400: Using dialect: org.hibernate.dialect.PostgreSQL10Dialect
2020-03-28 12:08:23.759  INFO 29105 --- [main] o.h.e.t.j.p.i.JtaPlatformInitiator       : HHH000490: Using JtaPlatform implementation: [org.hibernate.engine.transaction.jta.platform.internal.NoJtaPlatform]
2020-03-28 12:08:23.764  INFO 29105 --- [main] j.LocalContainerEntityManagerFactoryBean : Initialized JPA EntityManagerFactory for persistence unit 'default'
2020-03-28 12:08:24.311  WARN 29105 --- [main] JpaBaseConfiguration$JpaWebConfiguration : spring.jpa.open-in-view is enabled by default. Therefore, database queries may be performed during view rendering. Explicitly configure spring.jpa.open-in-view to disable this warning
2020-03-28 12:08:24.415  INFO 29105 --- [main] o.s.s.concurrent.ThreadPoolTaskExecutor  : Initializing ExecutorService 'applicationTaskExecutor'
2020-03-28 12:08:24.650  INFO 29105 --- [main] o.s.b.w.embedded.tomcat.TomcatWebServer  : Tomcat started on port(s): 8080 (http) with context path ''
2020-03-28 12:08:24.655  INFO 29105 --- [main] com.iit.aiposizi.lab2.Lab2Application    : Started Lab2Application in 4.172 seconds (JVM running for 4.83)
2020-03-28 12:08:31.420  INFO 29105 --- [SpringContextShutdownHook] o.s.s.concurrent.ThreadPoolTaskExecutor  : Shutting down ExecutorService 'applicationTaskExecutor'
2020-03-28 12:08:31.422  INFO 29105 --- [SpringContextShutdownHook] j.LocalContainerEntityManagerFactoryBean : Closing JPA EntityManagerFactory for persistence unit 'default'
2020-03-28 12:08:31.443  INFO 29105 --- [SpringContextShutdownHook] com.zaxxer.hikari.HikariDataSource       : HikariPool-1 - Shutdown initiated...
2020-03-28 12:08:31.497  INFO 29105 --- [SpringContextShutdownHook] com.zaxxer.hikari.HikariDataSource       : HikariPool-1 - Shutdown completed.
2020-03-28 12:21:04.752  INFO 30116 --- [main] com.iit.aiposizi.lab2.Lab2Application    : Starting Lab2Application on galayy-Lenovo-ideapad-330S-14IKB with PID 30116 (/home/galayy/IdeaProjects/aiposizi/lab2/build/classes/java/main started by galayy in /home/galayy/IdeaProjects/aiposizi/lab2)
2020-03-28 12:21:04.755  INFO 30116 --- [main] com.iit.aiposizi.lab2.Lab2Application    : The following profiles are active: local
2020-03-28 12:21:05.313  INFO 30116 --- [main] .s.d.r.c.RepositoryConfigurationDelegate : Bootstrapping Spring Data JPA repositories in DEFAULT mode.
2020-03-28 12:21:05.377  INFO 30116 --- [main] .s.d.r.c.RepositoryConfigurationDelegate : Finished Spring Data repository scanning in 56ms. Found 5 JPA repository interfaces.
2020-03-28 12:21:05.652  INFO 30116 --- [main] trationDelegate$BeanPostProcessorChecker : Bean 'org.springframework.transaction.annotation.ProxyTransactionManagementConfiguration' of type [org.springframework.transaction.annotation.ProxyTransactionManagementConfiguration] is not eligible for getting processed by all BeanPostProcessors (for example: not eligible for auto-proxying)
2020-03-28 12:21:05.898  INFO 30116 --- [main] o.s.b.w.embedded.tomcat.TomcatWebServer  : Tomcat initialized with port(s): 8080 (http)
2020-03-28 12:21:05.906  INFO 30116 --- [main] o.apache.catalina.core.StandardService   : Starting service [Tomcat]
2020-03-28 12:21:05.906  INFO 30116 --- [main] org.apache.catalina.core.StandardEngine  : Starting Servlet engine: [Apache Tomcat/9.0.30]
2020-03-28 12:21:05.973  INFO 30116 --- [main] o.a.c.c.C.[Tomcat].[localhost].[/]       : Initializing Spring embedded WebApplicationContext
2020-03-28 12:21:05.974  INFO 30116 --- [main] o.s.web.context.ContextLoader            : Root WebApplicationContext: initialization completed in 1182 ms
2020-03-28 12:21:06.067  INFO 30116 --- [main] o.f.c.internal.license.VersionPrinter    : Flyway Community Edition 6.0.8 by Redgate
2020-03-28 12:21:06.071  INFO 30116 --- [main] com.zaxxer.hikari.HikariDataSource       : HikariPool-1 - Starting...
2020-03-28 12:21:06.309  INFO 30116 --- [main] com.zaxxer.hikari.HikariDataSource       : HikariPool-1 - Start completed.
2020-03-28 12:21:06.322  INFO 30116 --- [main] o.f.c.internal.database.DatabaseFactory  : Database: jdbc:postgresql://localhost:5432/aiposizi_2 (PostgreSQL 10.12)
2020-03-28 12:21:06.354  INFO 30116 --- [main] o.f.core.internal.command.DbValidate     : Successfully validated 1 migration (execution time 00:00.017s)
2020-03-28 12:21:06.363  INFO 30116 --- [main] o.f.core.internal.command.DbMigrate      : Current version of schema "public": 0
2020-03-28 12:21:06.364  INFO 30116 --- [main] o.f.core.internal.command.DbMigrate      : Schema "public" is up to date. No migration necessary.
2020-03-28 12:21:06.458  INFO 30116 --- [main] o.hibernate.jpa.internal.util.LogHelper  : HHH000204: Processing PersistenceUnitInfo [name: default]
2020-03-28 12:21:06.510  INFO 30116 --- [main] org.hibernate.Version                    : HHH000412: Hibernate Core {5.4.10.Final}
2020-03-28 12:21:06.624  INFO 30116 --- [main] o.hibernate.annotations.common.Version   : HCANN000001: Hibernate Commons Annotations {5.1.0.Final}
2020-03-28 12:21:06.695  INFO 30116 --- [main] org.hibernate.dialect.Dialect            : HHH000400: Using dialect: org.hibernate.dialect.PostgreSQL10Dialect
2020-03-28 12:21:07.231  INFO 30116 --- [main] o.h.e.t.j.p.i.JtaPlatformInitiator       : HHH000490: Using JtaPlatform implementation: [org.hibernate.engine.transaction.jta.platform.internal.NoJtaPlatform]
2020-03-28 12:21:07.236  INFO 30116 --- [main] j.LocalContainerEntityManagerFactoryBean : Initialized JPA EntityManagerFactory for persistence unit 'default'
2020-03-28 12:21:07.671  WARN 30116 --- [main] JpaBaseConfiguration$JpaWebConfiguration : spring.jpa.open-in-view is enabled by default. Therefore, database queries may be performed during view rendering. Explicitly configure spring.jpa.open-in-view to disable this warning
2020-03-28 12:21:07.761  INFO 30116 --- [main] o.s.s.concurrent.ThreadPoolTaskExecutor  : Initializing ExecutorService 'applicationTaskExecutor'
2020-03-28 12:21:08.006  INFO 30116 --- [main] o.s.b.w.embedded.tomcat.TomcatWebServer  : Tomcat started on port(s): 8080 (http) with context path ''
2020-03-28 12:21:08.009  INFO 30116 --- [main] com.iit.aiposizi.lab2.Lab2Application    : Started Lab2Application in 3.621 seconds (JVM running for 4.261)
2020-03-28 12:21:19.741  INFO 30116 --- [http-nio-8080-exec-1] o.a.c.c.C.[Tomcat].[localhost].[/]       : Initializing Spring DispatcherServlet 'dispatcherServlet'
2020-03-28 12:21:19.742  INFO 30116 --- [http-nio-8080-exec-1] o.s.web.servlet.DispatcherServlet        : Initializing Servlet 'dispatcherServlet'
2020-03-28 12:21:19.754  INFO 30116 --- [http-nio-8080-exec-1] o.s.web.servlet.DispatcherServlet        : Completed initialization in 12 ms
2020-03-28 12:21:25.394  INFO 30116 --- [http-nio-8080-exec-6] c.i.a.l.service.impl.AddressServiceImpl  : 1 addresses was found
2020-03-28 12:21:32.407  INFO 30116 --- [http-nio-8080-exec-8] c.i.a.l.service.impl.OfficeServiceImpl   : 1 offices was found
2020-03-28 12:21:39.803  INFO 30116 --- [http-nio-8080-exec-9] c.i.a.lab2.service.impl.RoomServiceImpl  : 1 rooms was found
2020-03-28 12:21:53.691  INFO 30116 --- [http-nio-8080-exec-10] c.i.a.l.service.impl.PlaceServiceImpl    : 1 places was found
2020-03-28 12:22:04.567  INFO 30116 --- [http-nio-8080-exec-1] c.i.a.l.service.impl.PlaceServiceImpl    : Place with id 7115dac2-6a42-4a23-b652-e85dcc27afb1 successfully found
2020-03-28 12:22:17.454  INFO 30116 --- [http-nio-8080-exec-4] c.i.a.l.service.impl.PlaceServiceImpl    : 1 places was found
2020-03-28 12:22:17.489  INFO 30116 --- [http-nio-8080-exec-4] c.i.a.l.s.impl.EmployeeServiceImpl       : 1 employees was found
2020-03-28 12:22:25.091  INFO 30116 --- [http-nio-8080-exec-7] c.i.a.l.s.impl.EmployeeServiceImpl       : Employee with id dfe20cb2-e0bf-4c4f-9b8f-c5c93d9e2575 successfully found
2020-03-28 12:22:25.097  INFO 30116 --- [http-nio-8080-exec-7] c.i.a.l.service.impl.OfficeServiceImpl   : 1 offices was found
2020-03-28 12:22:25.106  INFO 30116 --- [http-nio-8080-exec-7] c.i.a.l.service.impl.PlaceServiceImpl    : 1 places was found
2020-03-28 12:22:25.113  INFO 30116 --- [http-nio-8080-exec-7] c.i.a.lab2.service.impl.RoomServiceImpl  : 1 rooms was found
2020-03-28 12:22:48.095  INFO 30116 --- [http-nio-8080-exec-9] c.i.a.l.s.impl.EmployeeServiceImpl       : Employee with id dfe20cb2-e0bf-4c4f-9b8f-c5c93d9e2575 successfully found
2020-03-28 12:22:48.165  INFO 30116 --- [http-nio-8080-exec-9] c.i.a.l.service.impl.PlaceServiceImpl    : Place with employee dfe20cb2-e0bf-4c4f-9b8f-c5c93d9e2575 was found
2020-03-28 12:22:48.184  INFO 30116 --- [http-nio-8080-exec-10] c.i.a.l.service.impl.PlaceServiceImpl    : 1 places was found
2020-03-28 12:23:04.094  INFO 30116 --- [http-nio-8080-exec-5] c.i.a.l.service.impl.PlaceServiceImpl    : Place with id 7115dac2-6a42-4a23-b652-e85dcc27afb1 successfully found
2020-03-28 12:23:06.085  INFO 30116 --- [http-nio-8080-exec-2] c.i.a.l.service.impl.PlaceServiceImpl    : Employee from place with id 7115dac2-6a42-4a23-b652-e85dcc27afb1 successfully deleted
2020-03-28 12:23:07.823  INFO 30116 --- [http-nio-8080-exec-3] c.i.a.l.service.impl.OfficeServiceImpl   : 1 offices was found
2020-03-28 12:23:09.284  INFO 30116 --- [http-nio-8080-exec-6] c.i.a.lab2.service.impl.RoomServiceImpl  : 1 rooms was found
2020-03-28 12:23:10.378  INFO 30116 --- [http-nio-8080-exec-7] c.i.a.l.service.impl.PlaceServiceImpl    : 1 places was found
2020-03-28 12:23:14.610  INFO 30116 --- [http-nio-8080-exec-10] c.i.a.l.service.impl.OfficeServiceImpl   : 1 offices was found
2020-03-28 12:23:17.666  INFO 30116 --- [http-nio-8080-exec-5] c.i.a.l.service.impl.AddressServiceImpl  : 1 addresses was found
2020-03-28 12:23:25.222  INFO 30116 --- [http-nio-8080-exec-3] c.i.a.l.service.impl.OfficeServiceImpl   : 1 offices was found
2020-03-28 12:23:26.821  INFO 30116 --- [http-nio-8080-exec-6] c.i.a.l.service.impl.OfficeServiceImpl   : Office with id 3aa6caa8-7743-40fa-b12c-721c625c0844 successfully deleted
2020-03-28 12:23:26.828  INFO 30116 --- [http-nio-8080-exec-7] c.i.a.l.service.impl.OfficeServiceImpl   : 0 offices was found
2020-03-28 12:23:30.201  INFO 30116 --- [http-nio-8080-exec-9] c.i.a.l.service.impl.AddressServiceImpl  : 1 addresses was found
2020-03-28 12:23:37.192  INFO 30116 --- [http-nio-8080-exec-1] c.i.a.l.service.impl.AddressServiceImpl  : Address with id 142617ec-0fee-409c-ade1-aa2cc4d66b27 successfully found
2020-03-28 12:23:50.402  INFO 30116 --- [http-nio-8080-exec-2] c.i.a.l.service.impl.AddressServiceImpl  : Address with id 142617ec-0fee-409c-ade1-aa2cc4d66b27 successfully found
2020-03-28 12:23:50.418  INFO 30116 --- [http-nio-8080-exec-2] c.i.a.l.service.impl.OfficeServiceImpl   : New office successfully saved
2020-03-28 12:23:50.431  INFO 30116 --- [http-nio-8080-exec-4] c.i.a.l.service.impl.OfficeServiceImpl   : 1 offices was found
2020-03-28 12:23:54.537  INFO 30116 --- [http-nio-8080-exec-3] c.i.a.l.service.impl.OfficeServiceImpl   : Office with id 922e98b0-46c8-4c0a-b9ae-4d284fbfc5dd successfully found
2020-03-28 12:23:58.577  INFO 30116 --- [http-nio-8080-exec-6] c.i.a.l.service.impl.OfficeServiceImpl   : Office with id 922e98b0-46c8-4c0a-b9ae-4d284fbfc5dd successfully found
2020-03-28 12:23:58.597  INFO 30116 --- [http-nio-8080-exec-6] c.i.a.lab2.service.impl.RoomServiceImpl  : New room successfully saved
2020-03-28 12:23:58.619  INFO 30116 --- [http-nio-8080-exec-7] c.i.a.lab2.service.impl.RoomServiceImpl  : 1 rooms was found
2020-03-28 12:24:07.227  INFO 30116 --- [http-nio-8080-exec-9] c.i.a.l.service.impl.PlaceServiceImpl    : 0 places was found
2020-03-28 12:24:10.532  INFO 30116 --- [http-nio-8080-exec-10] c.i.a.l.service.impl.PlaceServiceImpl    : 0 places was found
2020-03-28 12:24:16.011  INFO 30116 --- [http-nio-8080-exec-1] c.i.a.lab2.service.impl.RoomServiceImpl  : Room with id f26b888a-b567-4b30-a0b2-40fc181321c1 successfully found
2020-03-28 12:24:16.023  INFO 30116 --- [http-nio-8080-exec-1] c.i.a.l.s.impl.EmployeeServiceImpl       : 1 employees was found
2020-03-28 12:24:24.796  INFO 30116 --- [http-nio-8080-exec-2] c.i.a.lab2.service.impl.RoomServiceImpl  : Room with id f26b888a-b567-4b30-a0b2-40fc181321c1 successfully found
2020-03-28 12:24:24.807  INFO 30116 --- [http-nio-8080-exec-2] c.i.a.lab2.service.impl.RoomServiceImpl  : Room with id f26b888a-b567-4b30-a0b2-40fc181321c1 successfully found
2020-03-28 12:24:24.808  INFO 30116 --- [http-nio-8080-exec-2] c.i.a.l.service.impl.PlaceServiceImpl    : New place successfully saved
2020-03-28 12:24:24.831  INFO 30116 --- [http-nio-8080-exec-4] c.i.a.l.service.impl.PlaceServiceImpl    : 1 places was found
2020-03-28 12:24:36.568  INFO 30116 --- [http-nio-8080-exec-7] c.i.a.l.service.impl.OfficeServiceImpl   : 1 offices was found
2020-03-28 12:24:38.104  INFO 30116 --- [http-nio-8080-exec-8] c.i.a.lab2.service.impl.RoomServiceImpl  : 1 rooms was found
2020-03-28 12:24:47.198  INFO 30116 --- [http-nio-8080-exec-1] c.i.a.l.service.impl.PlaceServiceImpl    : 1 places was found
2020-03-28 12:24:47.215  INFO 30116 --- [http-nio-8080-exec-1] c.i.a.l.s.impl.EmployeeServiceImpl       : 1 employees was found
2020-03-28 12:24:48.867  INFO 30116 --- [http-nio-8080-exec-5] c.i.a.l.s.impl.EmployeeServiceImpl       : Employee with id dfe20cb2-e0bf-4c4f-9b8f-c5c93d9e2575 successfully found
2020-03-28 12:24:48.874  INFO 30116 --- [http-nio-8080-exec-5] c.i.a.l.service.impl.OfficeServiceImpl   : 1 offices was found
2020-03-28 12:24:48.879  INFO 30116 --- [http-nio-8080-exec-5] c.i.a.l.service.impl.PlaceServiceImpl    : 1 places was found
2020-03-28 12:24:48.883  INFO 30116 --- [http-nio-8080-exec-5] c.i.a.lab2.service.impl.RoomServiceImpl  : 1 rooms was found
2020-03-28 12:24:51.205  INFO 30116 --- [http-nio-8080-exec-2] c.i.a.l.s.impl.EmployeeServiceImpl       : Employee with id dfe20cb2-e0bf-4c4f-9b8f-c5c93d9e2575 successfully found
2020-03-28 12:24:51.219  INFO 30116 --- [http-nio-8080-exec-2] c.i.a.l.service.impl.PlaceServiceImpl    : Place with employee dfe20cb2-e0bf-4c4f-9b8f-c5c93d9e2575 was found
2020-03-28 12:24:51.235  INFO 30116 --- [http-nio-8080-exec-4] c.i.a.l.service.impl.PlaceServiceImpl    : 1 places was found
2020-03-28 12:24:53.671  INFO 30116 --- [http-nio-8080-exec-6] c.i.a.l.service.impl.OfficeServiceImpl   : 1 offices was found
2020-03-28 12:24:55.130  INFO 30116 --- [http-nio-8080-exec-7] c.i.a.lab2.service.impl.RoomServiceImpl  : 1 rooms was found
2020-03-28 12:33:04.062  INFO 30116 --- [SpringContextShutdownHook] o.s.s.concurrent.ThreadPoolTaskExecutor  : Shutting down ExecutorService 'applicationTaskExecutor'
2020-03-28 12:33:04.064  INFO 30116 --- [SpringContextShutdownHook] j.LocalContainerEntityManagerFactoryBean : Closing JPA EntityManagerFactory for persistence unit 'default'
2020-03-28 12:33:04.068  INFO 30116 --- [SpringContextShutdownHook] com.zaxxer.hikari.HikariDataSource       : HikariPool-1 - Shutdown initiated...
2020-03-28 12:33:04.082  INFO 30116 --- [SpringContextShutdownHook] com.zaxxer.hikari.HikariDataSource       : HikariPool-1 - Shutdown completed.
2020-03-28 12:33:06.788  INFO 31978 --- [main] com.iit.aiposizi.lab2.Lab2Application    : Starting Lab2Application on galayy-Lenovo-ideapad-330S-14IKB with PID 31978 (/home/galayy/IdeaProjects/aiposizi/lab2/build/classes/java/main started by galayy in /home/galayy/IdeaProjects/aiposizi/lab2)
2020-03-28 12:33:06.791  INFO 31978 --- [main] com.iit.aiposizi.lab2.Lab2Application    : The following profiles are active: local
2020-03-28 12:33:07.412  INFO 31978 --- [main] .s.d.r.c.RepositoryConfigurationDelegate : Bootstrapping Spring Data JPA repositories in DEFAULT mode.
2020-03-28 12:33:07.481  INFO 31978 --- [main] .s.d.r.c.RepositoryConfigurationDelegate : Finished Spring Data repository scanning in 62ms. Found 5 JPA repository interfaces.
2020-03-28 12:33:07.744  INFO 31978 --- [main] trationDelegate$BeanPostProcessorChecker : Bean 'org.springframework.transaction.annotation.ProxyTransactionManagementConfiguration' of type [org.springframework.transaction.annotation.ProxyTransactionManagementConfiguration] is not eligible for getting processed by all BeanPostProcessors (for example: not eligible for auto-proxying)
2020-03-28 12:33:07.949  INFO 31978 --- [main] o.s.b.w.embedded.tomcat.TomcatWebServer  : Tomcat initialized with port(s): 8080 (http)
2020-03-28 12:33:07.958  INFO 31978 --- [main] o.apache.catalina.core.StandardService   : Starting service [Tomcat]
2020-03-28 12:33:07.958  INFO 31978 --- [main] org.apache.catalina.core.StandardEngine  : Starting Servlet engine: [Apache Tomcat/9.0.30]
2020-03-28 12:33:08.028  INFO 31978 --- [main] o.a.c.c.C.[Tomcat].[localhost].[/]       : Initializing Spring embedded WebApplicationContext
2020-03-28 12:33:08.028  INFO 31978 --- [main] o.s.web.context.ContextLoader            : Root WebApplicationContext: initialization completed in 1193 ms
2020-03-28 12:33:08.130  INFO 31978 --- [main] o.f.c.internal.license.VersionPrinter    : Flyway Community Edition 6.0.8 by Redgate
2020-03-28 12:33:08.136  INFO 31978 --- [main] com.zaxxer.hikari.HikariDataSource       : HikariPool-1 - Starting...
2020-03-28 12:33:08.279  INFO 31978 --- [main] com.zaxxer.hikari.HikariDataSource       : HikariPool-1 - Start completed.
2020-03-28 12:33:08.293  INFO 31978 --- [main] o.f.c.internal.database.DatabaseFactory  : Database: jdbc:postgresql://localhost:5432/aiposizi_2 (PostgreSQL 11.5)
2020-03-28 12:33:08.319  INFO 31978 --- [main] o.f.core.internal.command.DbValidate     : Successfully validated 1 migration (execution time 00:00.010s)
2020-03-28 12:33:08.333  INFO 31978 --- [main] o.f.c.i.s.JdbcTableSchemaHistory         : Creating Schema History table "public"."flyway_schema_history" ...
2020-03-28 12:33:08.390  INFO 31978 --- [main] o.f.core.internal.command.DbMigrate      : Current version of schema "public": << Empty Schema >>
2020-03-28 12:33:08.408  INFO 31978 --- [main] o.f.core.internal.command.DbMigrate      : Migrating schema "public" to version 0 - Init tables
2020-03-28 12:33:08.508  INFO 31978 --- [main] o.f.core.internal.command.DbMigrate      : Successfully applied 1 migration to schema "public" (execution time 00:00.130s)
2020-03-28 12:33:08.583  INFO 31978 --- [main] o.hibernate.jpa.internal.util.LogHelper  : HHH000204: Processing PersistenceUnitInfo [name: default]
2020-03-28 12:33:08.638  INFO 31978 --- [main] org.hibernate.Version                    : HHH000412: Hibernate Core {5.4.10.Final}
2020-03-28 12:33:08.739  INFO 31978 --- [main] o.hibernate.annotations.common.Version   : HCANN000001: Hibernate Commons Annotations {5.1.0.Final}
2020-03-28 12:33:08.816  INFO 31978 --- [main] org.hibernate.dialect.Dialect            : HHH000400: Using dialect: org.hibernate.dialect.PostgreSQL10Dialect
2020-03-28 12:33:09.353  INFO 31978 --- [main] o.h.e.t.j.p.i.JtaPlatformInitiator       : HHH000490: Using JtaPlatform implementation: [org.hibernate.engine.transaction.jta.platform.internal.NoJtaPlatform]
2020-03-28 12:33:09.357  INFO 31978 --- [main] j.LocalContainerEntityManagerFactoryBean : Initialized JPA EntityManagerFactory for persistence unit 'default'
2020-03-28 12:33:09.785  WARN 31978 --- [main] JpaBaseConfiguration$JpaWebConfiguration : spring.jpa.open-in-view is enabled by default. Therefore, database queries may be performed during view rendering. Explicitly configure spring.jpa.open-in-view to disable this warning
2020-03-28 12:33:09.876  INFO 31978 --- [main] o.s.s.concurrent.ThreadPoolTaskExecutor  : Initializing ExecutorService 'applicationTaskExecutor'
2020-03-28 12:33:10.113  INFO 31978 --- [main] o.s.b.w.embedded.tomcat.TomcatWebServer  : Tomcat started on port(s): 8080 (http) with context path ''
2020-03-28 12:33:10.118  INFO 31978 --- [main] com.iit.aiposizi.lab2.Lab2Application    : Started Lab2Application in 3.716 seconds (JVM running for 4.386)
2020-03-28 12:34:51.002  INFO 31978 --- [SpringContextShutdownHook] o.s.s.concurrent.ThreadPoolTaskExecutor  : Shutting down ExecutorService 'applicationTaskExecutor'
2020-03-28 12:34:51.005  INFO 31978 --- [SpringContextShutdownHook] j.LocalContainerEntityManagerFactoryBean : Closing JPA EntityManagerFactory for persistence unit 'default'
2020-03-28 12:34:51.010  INFO 31978 --- [SpringContextShutdownHook] com.zaxxer.hikari.HikariDataSource       : HikariPool-1 - Shutdown initiated...
2020-03-28 12:34:51.016  INFO 31978 --- [SpringContextShutdownHook] com.zaxxer.hikari.HikariDataSource       : HikariPool-1 - Shutdown completed.
